[0;36mUsing network range: 192.168.1.199/24[0m
[0;36mStep 1: Discovering devices on the network using ARP scan...[0m
[0;36mUsing network range: 192.168.1.199/24[0m
[0;36mStep 1: Discovering devices on the network using ARP scan...[0m
[0;32mARP scan complete! Results saved to /home/me/betterstrap/network_scan_results/network_scan.txt[0m
[0;36mDevices found in ARP scan: 0[0m
[1;33mFewer than 10 devices found. Performing parallel Nmap scans...[0m
[0;36mCategorizing devices based on MAC vendors and services...[0m
[0;32mDevice categorization complete! Results saved to /home/me/betterstrap/network_scan_results/device_categories.txt[0m
[0;32mScan complete! Results saved in /home/me/betterstrap/network_scan_results.[0m
[0;36mLog of all activities can be found in /home/me/betterstrap/network_scan_results/scan.log.[0m
[0;36mUsing network range: 192.168.1.199/24[0m
[0;36mStep 1: Discovering devices on the network using ARP scan...[0m
[0;32mARP scan complete! Results saved to /home/me/betterstrap/network_scan_results/network_scan.txt[0m
[0;36mDevices found in ARP scan: 0[0m
[1;33mFewer than 10 devices found. Performing parallel Nmap scans...[0m
[0;36mCategorizing devices based on MAC vendors and services...[0m
[0;32mDevice categorization complete! Results saved to /home/me/betterstrap/network_scan_results/device_categories.txt[0m
[0;32mScan complete! Results saved in /home/me/betterstrap/network_scan_results.[0m
[0;36mLog of all activities can be found in /home/me/betterstrap/network_scan_results/scan.log.[0m
